CSDP 6.2.0
Iter:  0 Ap: 0.00e+00 Pobj:  0.0000000e+00 Ad: 0.00e+00 Dobj:  0.0000000e+00 
Iter:  1 Ap: 3.00e-01 Pobj: -4.2121796e-01 Ad: 1.91e-01 Dobj:  9.9388473e+04 
Iter:  2 Ap: 3.40e-01 Pobj: -5.4319738e-01 Ad: 4.69e-01 Dobj: -2.8696282e+05 
Iter:  3 Ap: 5.32e-01 Pobj: -6.8536457e-01 Ad: 5.91e-01 Dobj: -2.1988939e+05 
Iter:  4 Ap: 5.48e-01 Pobj: -7.0997313e-01 Ad: 6.51e-01 Dobj: -1.1856733e+05 
Iter:  5 Ap: 6.45e-01 Pobj: -5.1212776e-01 Ad: 3.72e-01 Dobj: -2.3740086e+05 
Iter:  6 Ap: 5.01e-01 Pobj: -5.9852633e-01 Ad: 5.12e-01 Dobj: -3.1501362e+05 
Iter:  7 Ap: 7.82e-01 Pobj: -7.7141745e-01 Ad: 3.91e-01 Dobj: -1.8935558e+05 
Iter:  8 Ap: 6.95e-01 Pobj: -1.0158377e+00 Ad: 5.61e-01 Dobj: -1.4996240e+05 
Iter:  9 Ap: 7.78e-01 Pobj: -1.3583054e+00 Ad: 3.50e-01 Dobj: -1.3142284e+05 
Iter: 10 Ap: 5.37e-01 Pobj: -1.3336877e+00 Ad: 6.28e-01 Dobj: -5.0010140e+04 
Iter: 11 Ap: 7.25e-01 Pobj: -1.4575334e+00 Ad: 5.85e-01 Dobj: -8.6343173e+02 
Iter: 12 Ap: 8.23e-01 Pobj: -1.5247179e+00 Ad: 7.08e-01 Dobj:  6.8114924e+03 
Iter: 13 Ap: 9.52e-01 Pobj: -1.6132251e+00 Ad: 6.59e-01 Dobj:  4.6290630e+03 
Iter: 14 Ap: 1.00e+00 Pobj: -1.7563136e+00 Ad: 6.26e-01 Dobj:  3.2436543e+03 
Iter: 15 Ap: 1.00e+00 Pobj: -1.9556483e+00 Ad: 6.09e-01 Dobj:  2.0763782e+03 
Iter: 16 Ap: 1.00e+00 Pobj: -2.4021186e+00 Ad: 6.02e-01 Dobj:  1.3171624e+03 
Iter: 17 Ap: 4.36e-01 Pobj: -3.2993673e+00 Ad: 3.28e-01 Dobj:  1.4192326e+03 
Iter: 18 Ap: 2.02e-01 Pobj: -4.4601278e+00 Ad: 2.00e-01 Dobj:  1.9952522e+03 
Iter: 19 Ap: 1.42e-01 Pobj: -5.8058371e+00 Ad: 1.74e-01 Dobj:  3.1149962e+03 
Iter: 20 Ap: 9.86e-02 Pobj: -6.7524870e+00 Ad: 1.29e-01 Dobj:  4.7072291e+03 
Iter: 21 Ap: 1.53e-01 Pobj: -8.0203013e+00 Ad: 1.22e-01 Dobj:  7.1594637e+03 
Iter: 22 Ap: 1.24e-01 Pobj: -9.4871746e+00 Ad: 1.34e-01 Dobj:  1.1308460e+04 
Iter: 23 Ap: 1.19e-01 Pobj: -1.1239959e+01 Ad: 1.11e-01 Dobj:  1.5296633e+04 
Iter: 24 Ap: 1.90e-01 Pobj: -1.4688064e+01 Ad: 8.43e-02 Dobj:  1.9664161e+04 
Iter: 25 Ap: 1.10e-01 Pobj: -1.6851267e+01 Ad: 5.37e-02 Dobj:  2.4270424e+04 
Iter: 26 Ap: 1.14e-01 Pobj: -2.1628703e+01 Ad: 8.93e-02 Dobj:  3.0668352e+04 
Iter: 27 Ap: 7.18e-02 Pobj: -2.7328050e+01 Ad: 9.25e-02 Dobj:  3.8002336e+04 
Iter: 28 Ap: 5.60e-02 Pobj: -3.5274686e+01 Ad: 1.25e-01 Dobj:  4.6435987e+04 
Iter: 29 Ap: 9.95e-02 Pobj: -5.5017503e+01 Ad: 8.30e-02 Dobj:  5.2057714e+04 
Iter: 30 Ap: 7.02e-02 Pobj: -7.9575440e+01 Ad: 7.52e-02 Dobj:  5.7037692e+04 
Iter: 31 Ap: 6.37e-02 Pobj: -1.2724264e+02 Ad: 4.94e-02 Dobj:  5.9887597e+04 
Iter: 32 Ap: 5.44e-02 Pobj: -2.0744362e+02 Ad: 3.77e-02 Dobj:  6.1941777e+04 
Iter: 33 Ap: 4.59e-02 Pobj: -3.5010638e+02 Ad: 3.39e-02 Dobj:  6.3503140e+04 
Iter: 34 Ap: 4.73e-02 Pobj: -6.6889863e+02 Ad: 2.98e-02 Dobj:  6.4599555e+04 
Iter: 35 Ap: 3.23e-02 Pobj: -1.1751014e+03 Ad: 2.80e-02 Dobj:  6.5568821e+04 
Iter: 36 Ap: 2.28e-02 Pobj: -1.9176608e+03 Ad: 2.23e-02 Dobj:  6.6366655e+04 
Iter: 37 Ap: 2.12e-02 Pobj: -3.2208846e+03 Ad: 2.21e-02 Dobj:  6.7160683e+04 
Iter: 38 Ap: 2.00e-03 Pobj: -3.4557321e+03 Ad: 1.74e-02 Dobj:  6.7837463e+04 
Iter: 39 Ap: 3.50e-04 Pobj: -3.5056824e+03 Ad: 2.16e-02 Dobj:  6.8620096e+04 
Iter: 40 Ap: 1.93e-03 Pobj: -3.8537534e+03 Ad: 5.15e-02 Dobj:  6.9856899e+04 
Iter: 41 Ap: 3.57e-04 Pobj: -3.9437620e+03 Ad: 2.29e-02 Dobj:  7.1909768e+04 
Iter: 42 Ap: 1.86e-03 Pobj: -4.3526094e+03 Ad: 1.21e-02 Dobj:  7.2953116e+04 
Iter: 43 Ap: 3.24e-04 Pobj: -4.4265897e+03 Ad: 1.60e-02 Dobj:  7.4249404e+04 
Iter: 44 Ap: 1.14e-03 Pobj: -4.6769976e+03 Ad: 1.74e-02 Dobj:  7.5613978e+04 
Iter: 45 Ap: 1.03e-03 Pobj: -4.9009914e+03 Ad: 2.56e-02 Dobj:  7.7508129e+04 
Iter: 46 Ap: 1.28e-03 Pobj: -5.1777504e+03 Ad: 8.28e-03 Dobj:  7.8045440e+04 
Iter: 47 Ap: 5.47e-04 Pobj: -5.3038986e+03 Ad: 1.61e-02 Dobj:  7.9088037e+04 
Iter: 48 Ap: 2.28e-03 Pobj: -5.8280282e+03 Ad: 1.22e-02 Dobj:  7.9863327e+04 
Iter: 49 Ap: 7.72e-04 Pobj: -6.0252553e+03 Ad: 2.59e-02 Dobj:  8.1442018e+04 
Iter: 50 Ap: 2.23e-03 Pobj: -6.6198110e+03 Ad: 2.10e-02 Dobj:  8.2603009e+04 
Iter: 51 Ap: 6.64e-04 Pobj: -6.8203165e+03 Ad: 1.52e-02 Dobj:  8.3433243e+04 
Iter: 52 Ap: 1.63e-03 Pobj: -7.3537425e+03 Ad: 2.40e-02 Dobj:  8.4751558e+04 
Iter: 53 Ap: 7.17e-04 Pobj: -7.6220833e+03 Ad: 1.71e-02 Dobj:  8.5704462e+04 
Iter: 54 Ap: 1.32e-03 Pobj: -8.1599497e+03 Ad: 2.90e-02 Dobj:  8.7317651e+04 
Iter: 55 Ap: 8.14e-04 Pobj: -8.5302208e+03 Ad: 3.26e-03 Dobj:  8.7504256e+04 
Iter: 56 Ap: 8.56e-04 Pobj: -8.8479913e+03 Ad: 5.26e-03 Dobj:  8.7704782e+04 
Iter: 57 Ap: 8.04e-04 Pobj: -9.2635510e+03 Ad: 1.90e-02 Dobj:  8.8755521e+04 
Iter: 58 Ap: 1.53e-03 Pobj: -1.0090935e+04 Ad: 7.74e-03 Dobj:  8.9170156e+04 
Iter: 59 Ap: 1.09e-03 Pobj: -1.0729927e+04 Ad: 4.99e-03 Dobj:  8.9432941e+04 
Iter: 60 Ap: 1.32e-03 Pobj: -1.1550753e+04 Ad: 2.51e-02 Dobj:  9.0724582e+04 
Iter: 61 Ap: 1.07e-03 Pobj: -1.2235197e+04 Ad: 8.51e-03 Dobj:  9.1113569e+04 
-----------------------------------------------------------
Results:

Objective value:   35.274685786913324
x square expectation:     3.438957588467474
Lack of progress.  Giving up!
Failure: return code is 7 
Primal objective value: -3.5274686e+01 
Dual objective value: 4.6435987e+04 
Relative primal infeasibility: 1.26e-02 
Relative dual infeasibility: 1.72e-01 
Real Relative Gap: 1.00e+00 
XZ Relative Gap: 2.91e+00 
DIMACS error measures: 3.13e-02 0.00e+00 2.97e-01 0.00e+00 1.00e+00 2.91e+00
